2026-03-12 19:18:11,251 [INFO] JARVIS initialized.
2026-03-12 19:18:27,535 [INFO] chat | input=', how are you?'
2026-03-12 19:18:50,639 [INFO] chat | input='Do you like MCU or DCU?'
2026-03-12 19:19:09,735 [INFO] chat | input='I didn't interrupt you, you can carry on.'
2026-03-12 19:19:43,078 [INFO] chat | input='Jarvis you have become Togod.'
2026-03-12 19:20:04,381 [INFO] chat | input='Say god, I said you have become too good.'
2026-03-12 19:20:38,487 [INFO] JARVIS initialized.
2026-03-12 19:20:59,370 [INFO] chat | input=', do you remember what did we talk earlier?'
2026-03-12 19:21:19,159 [INFO] Session saved (2 messages).
2026-03-12 19:25:51,366 [INFO] JARVIS initialized.
2026-03-12 19:26:32,451 [INFO] chat | input='are you there?'
2026-03-12 19:26:54,310 [INFO] chat | input='Do you like MCU?'
2026-03-12 19:27:20,690 [INFO] chat | input='Well Jarvis you have become too good, like too good.'
2026-03-12 19:27:41,948 [INFO] chat | input='Thank you JARVIS.'
2026-03-12 19:28:10,913 [INFO] chat | input='No thank you, lets end it.'
2026-03-12 19:28:23,161 [INFO] Session saved (12 messages).
2026-03-12 19:28:25,754 [INFO] JARVIS initialized.
2026-03-12 19:29:07,014 [INFO] chat | input='Do you remember the previous conversation we had?'
2026-03-12 19:29:37,157 [INFO] chat | input='Thank you Jarvis, you are the first project I have made.'
2026-03-12 19:30:04,393 [INFO] chat | input='Goodbye.'
2026-03-12 19:30:10,849 [INFO] Session saved (18 messages).
2026-03-12 19:30:15,076 [INFO] JARVIS initialized.
2026-03-12 19:30:29,563 [INFO] chat | input='do u remember previous convo'
2026-03-12 19:30:36,830 [INFO] chat | input='good'
2026-03-12 19:30:39,654 [INFO] Session saved (22 messages).
2026-03-12 19:30:42,732 [INFO] JARVIS initialized.
2026-03-12 19:30:55,937 [INFO] chat | input='u remember our previous convo?'
2026-03-12 19:31:08,238 [INFO] chat | input='okay bye'
2026-03-12 19:31:11,742 [INFO] Session saved (26 messages).
2026-03-12 19:31:15,994 [INFO] JARVIS initialized.
2026-03-12 19:31:34,087 [INFO] chat | input='do you remember the previous conversation that we had?'
2026-03-12 19:32:08,774 [INFO] chat | input='JARVIS thank you so much.'
2026-03-12 19:32:34,273 [INFO] Session saved (30 messages).
