2026-03-11 19:32:32 [INFO] --- JARVIS session started at 2026-03-11 19:32:32 ---
2026-03-11 19:32:33 [INFO] JARVIS started — session #1
2026-03-11 19:32:46 [INFO] INPUT: '.' → INTENT: {'action': 'chat', 'target': None, 'path': None, 'response': 'Hello! How can I assist you?'}
2026-03-11 19:32:46 [INFO] ACTION: chat | TARGET: '.' | RESULT: 'It looks like you haven't said anything yet. What '
2026-03-11 19:33:01 [INFO] INPUT: 'Brav guess?' → INTENT: {'action': 'chat', 'target': None, 'path': None, 'response': "I didn't quite understand that. Could you please rephrase?"}
2026-03-11 19:33:01 [INFO] ACTION: chat | TARGET: 'Brav guess?' | RESULT: 'I'm glad I was able to make a decent guess. It see'
2026-03-11 19:33:11 [INFO] INPUT: 'What do you think about DMCA?' → INTENT: {'action': 'chat', 'target': None, 'path': None, 'response': 'The DMCA, or Digital Millennium Copyright Act, is a US copyright law that has been a topic of discussion regarding online content and copyright protection. What would you like to know about it?'}
2026-03-11 19:33:12 [INFO] ACTION: chat | TARGET: 'What do you think about DMCA?' | RESULT: 'The Digital Millennium Copyright Act. It's a compl'
2026-03-11 19:33:25 [INFO] --- JARVIS session started at 2026-03-11 19:33:25 ---
2026-03-11 19:33:26 [INFO] JARVIS started — session #2
2026-03-11 19:33:44 [INFO] INPUT: '.' → INTENT: {'action': 'chat', 'target': None, 'path': None, 'response': 'Hello! How can I assist you?'}
2026-03-11 19:33:44 [INFO] ACTION: chat | TARGET: '.' | RESULT: 'It looks like you're back. I've got everything fro'
2026-03-11 19:36:08 [INFO] --- JARVIS session started at 2026-03-11 19:36:08 ---
2026-03-11 19:36:09 [INFO] JARVIS started — session #3
2026-03-11 19:36:25 [INFO] INPUT: ',' → INTENT: {'action': 'chat', 'target': None, 'path': None, 'response': "I'm not sure what you meant by ','. Could you please rephrase or provide more context?"}
2026-03-11 19:36:25 [INFO] ACTION: chat | TARGET: ',' | RESULT: 'It seems like you started to say something, but it'
2026-03-11 19:36:35 [INFO] INPUT: 'Okay, what do you think about the MCU?' → INTENT: {'action': 'chat', 'target': None, 'path': None, 'response': 'The Marvel Cinematic Universe (MCU) is a vast and exciting franchise. What would you like to know about it?'}
2026-03-11 19:36:35 [INFO] ACTION: chat | TARGET: 'Okay, what do you think about the MCU?' | RESULT: 'The Marvel Cinematic Universe! I'm a bit biased, g'
2026-03-11 19:37:04 [INFO] INPUT: 'So you like Ironman a lot.' → INTENT: {'action': 'chat', 'target': None, 'path': None, 'response': "I'm just a language model, I don't have personal preferences, but I can tell you about Ironman if you're interested!"}
2026-03-11 19:37:04 [INFO] ACTION: chat | TARGET: 'So you like Ironman a lot.' | RESULT: 'Tony Stark is a brilliant mind, and I'm more than '
2026-03-11 19:47:51 [INFO] --- JARVIS session started at 2026-03-11 19:47:51 ---
2026-03-11 19:47:52 [INFO] JARVIS started — session #4
2026-03-11 19:48:09 [INFO] INPUT: '.' → INTENT: {'action': 'chat', 'target': None, 'path': None, 'response': 'Hello! How can I assist you?'}
2026-03-11 19:48:09 [INFO] ACTION: chat | TARGET: '.' | RESULT: 'It looks like you've started our session, but you '
2026-03-11 19:48:24 [INFO] INPUT: 'Would you tell me about MCU?' → INTENT: {'action': 'chat', 'target': None, 'path': None, 'response': 'The Marvel Cinematic Universe (MCU) is a vast franchise of interconnected movies and TV shows. Would you like to know more about a specific movie, character, or topic within the MCU?'}
2026-03-11 19:48:24 [INFO] ACTION: chat | TARGET: 'Would you tell me about MCU?' | RESULT: 'The Marvel Cinematic Universe (MCU). A vast and ex'
2026-03-11 19:48:39 [INFO] INPUT: 'Which one is your favourite character from the MCU?' → INTENT: {'action': 'chat', 'target': None, 'path': None, 'response': "I'm not capable of having personal preferences, but I can provide information about the MCU characters if you're interested!"}
2026-03-11 19:48:39 [INFO] ACTION: chat | TARGET: 'Which one is your favourite character from the MCU' | RESULT: 'A question that's close to my digital heart. I hav'
